\BOOKMARK [0][-]{chapter.1}{\376\377\004\036\004\101\004\075\004\076\004\062\004\075\004\076\004\071\000\040\004\074\004\076\004\064\004\103\004\073\004\114\000\040\004\077\004\100\004\070\004\073\004\076\004\066\004\065\004\075\004\070\004\117\000\040\000\050\000m\000a\000i\000n\000\051}{}% 1
\BOOKMARK [0][-]{chapter.2}{\376\377\004\035\004\060\004\101\004\102\004\100\004\076\004\071\004\072\004\070\000\040\004\077\004\100\004\070\004\073\004\076\004\066\004\065\004\075\004\070\004\117\000\040\000\050\000s\000e\000t\000t\000i\000n\000g\000s\000\051}{}% 2
\BOOKMARK [0][-]{chapter.3}{\376\377\004\034\004\076\004\064\004\103\004\073\004\070\000\040\004\062\004\067\004\060\004\070\004\074\004\076\004\064\004\065\004\071\004\101\004\102\004\062\004\070\004\117\000\040\004\101\000\040\004\061\004\060\004\067\004\076\004\071\000\040\004\064\004\060\004\075\004\075\004\113\004\105}{}% 3
\BOOKMARK [1][-]{section.3.1}{\376\377\004\034\004\076\004\064\004\103\004\073\004\070\000\040\004\074\004\076\004\064\004\065\004\073\004\065\004\071\000\040\004\102\004\060\004\061\004\073\004\070\004\106\000\040\004\061\004\060\004\067\004\113\000\040\004\064\004\060\004\075\004\075\004\113\004\105}{chapter.3}% 4
\BOOKMARK [2][-]{subsection.3.1.1}{\376\377\004\020\004\061\004\101\004\102\004\100\004\060\004\072\004\102\004\075\004\060\004\117\000\040\004\074\004\076\004\064\004\065\004\073\004\114\000\040\004\102\004\060\004\061\004\073\004\070\004\106\004\113\000\040\000-\000\040\004\072\004\073\004\060\004\101\004\101\000\040\000T\000a\000b\000l\000e}{section.3.1}% 5
\BOOKMARK [2][-]{subsection.3.1.2}{\376\377\004\034\004\076\004\064\004\065\004\073\004\114\000\040\004\102\004\060\004\061\004\073\004\070\004\106\004\113\000\040\000a\000u\000t\000h\000o\000r\000\040\000-\000\040\004\072\004\073\004\060\004\101\004\101\000\040\000A\000u\000t\000h\000o\000r}{section.3.1}% 6
\BOOKMARK [2][-]{subsection.3.1.3}{\376\377\004\034\004\076\004\064\004\065\004\073\004\114\000\040\004\102\004\060\004\061\004\073\004\070\004\106\004\113\000\040\000b\000o\000o\000k\000\040\000-\000\040\004\072\004\073\004\060\004\101\004\101\000\040\000B\000o\000o\000k}{section.3.1}% 7
\BOOKMARK [2][-]{subsection.3.1.4}{\376\377\004\034\004\076\004\064\004\065\004\073\004\114\000\040\004\102\004\060\004\061\004\073\004\070\004\106\004\113\000\040\000c\000a\000t\000e\000g\000o\000r\000y\000\040\000-\000\040\004\072\004\073\004\060\004\101\004\101\000\040\000C\000a\000t\000e\000g\000o\000r\000y}{section.3.1}% 8
\BOOKMARK [2][-]{subsection.3.1.5}{\376\377\004\034\004\076\004\064\004\065\004\073\004\114\000\040\004\102\004\060\004\061\004\073\004\070\004\106\004\113\000\040\000l\000a\000n\000g\000u\000a\000g\000e\000\040\000-\000\040\004\072\004\073\004\060\004\101\004\101\000\040\000L\000a\000n\000g\000u\000a\000g\000e}{section.3.1}% 9
\BOOKMARK [2][-]{subsection.3.1.6}{\376\377\004\034\004\076\004\064\004\065\004\073\004\114\000\040\004\102\004\060\004\061\004\073\004\070\004\106\004\113\000\040\000l\000i\000s\000t\000\137\000a\000u\000t\000h\000o\000r\000s\000\040\000-\000\040\004\072\004\073\004\060\004\101\004\101\000\040\000L\000i\000s\000t\000A\000u\000t\000h\000o\000r\000s}{section.3.1}% 10
\BOOKMARK [2][-]{subsection.3.1.7}{\376\377\004\034\004\076\004\064\004\065\004\073\004\114\000\040\004\102\004\060\004\061\004\073\004\070\004\106\004\113\000\040\000l\000i\000s\000t\000\137\000n\000o\000t\000e\000s\000\040\000-\000\040\004\072\004\073\004\060\004\101\004\101\000\040\000L\000i\000s\000t\000N\000o\000t\000e\000s}{section.3.1}% 11
\BOOKMARK [2][-]{subsection.3.1.8}{\376\377\004\034\004\076\004\064\004\065\004\073\004\114\000\040\004\102\004\060\004\061\004\073\004\070\004\106\004\113\000\040\000l\000i\000s\000t\000\137\000s\000t\000a\000t\000e\000s\000\040\000-\000\040\004\072\004\073\004\060\004\101\004\101\000\040\000L\000i\000s\000t\000S\000t\000a\000t\000e\000s}{section.3.1}% 12
\BOOKMARK [2][-]{subsection.3.1.9}{\376\377\004\034\004\076\004\064\004\065\004\073\004\114\000\040\004\102\004\060\004\061\004\073\004\070\004\106\004\113\000\040\000l\000i\000s\000t\000\137\000t\000a\000g\000s\000\040\000-\000\040\004\072\004\073\004\060\004\101\004\101\000\040\000L\000i\000s\000t\000T\000a\000g\000s}{section.3.1}% 13
\BOOKMARK [2][-]{subsection.3.1.10}{\376\377\004\034\004\076\004\064\004\065\004\073\004\114\000\040\004\102\004\060\004\061\004\073\004\070\004\106\004\113\000\040\000n\000o\000t\000e\000\040\000-\000\040\004\072\004\073\004\060\004\101\004\101\000\040\000N\000o\000t\000e}{section.3.1}% 14
\BOOKMARK [2][-]{subsection.3.1.11}{\376\377\004\034\004\076\004\064\004\065\004\073\004\114\000\040\004\102\004\060\004\061\004\073\004\070\004\106\004\113\000\040\000s\000t\000a\000t\000e\000\040\000-\000\040\004\072\004\073\004\060\004\101\004\101\000\040\000S\000t\000a\000t\000e}{section.3.1}% 15
\BOOKMARK [2][-]{subsection.3.1.12}{\376\377\004\034\004\076\004\064\004\065\004\073\004\114\000\040\004\102\004\060\004\061\004\073\004\070\004\106\004\113\000\040\000t\000a\000g\000\040\000-\000\040\004\072\004\073\004\060\004\101\004\101\000\040\000T\000a\000g}{section.3.1}% 16
\BOOKMARK [2][-]{subsection.3.1.13}{\376\377\004\034\004\076\004\064\004\065\004\073\004\114\000\040\004\102\004\060\004\061\004\073\004\070\004\106\004\113\000\040\000u\000s\000e\000r\000\040\000-\000\040\004\072\004\073\004\060\004\101\004\101\000\040\000U\000s\000e\000r}{section.3.1}% 17
\BOOKMARK [2][-]{subsection.3.1.14}{\376\377\004\034\004\076\004\064\004\065\004\073\004\114\000\040\004\102\004\060\004\061\004\073\004\070\004\106\004\113\000\040\000y\000e\000a\000r\000\040\000-\000\040\004\072\004\073\004\060\004\101\004\101\000\040\000Y\000e\000a\000r}{section.3.1}% 18
\BOOKMARK [1][-]{section.3.2}{\376\377\004\034\004\076\004\064\004\103\004\073\004\070\000\040\004\074\004\076\004\064\004\065\004\073\004\065\004\071\000\040\004\077\004\100\004\065\004\064\004\101\004\102\004\060\004\062\004\073\004\065\004\075\004\070\004\117\000\040\004\061\004\060\004\067\004\113\000\040\004\064\004\060\004\075\004\075\004\113\004\105}{chapter.3}% 19
\BOOKMARK [2][-]{subsection.3.2.1}{\376\377\004\020\004\061\004\101\004\102\004\100\004\060\004\072\004\102\004\075\004\060\004\117\000\040\004\074\004\076\004\064\004\065\004\073\004\114\000\040\004\077\004\100\004\065\004\064\004\101\004\102\004\060\004\062\004\073\004\065\004\075\004\070\004\117\000\040\000-\000\040\004\072\004\073\004\060\004\101\004\101\000\040\000V\000i\000e\000w}{section.3.2}% 20
\BOOKMARK [2][-]{subsection.3.2.2}{\376\377\004\034\004\076\004\064\004\065\004\073\004\114\000\040\004\077\004\100\004\065\004\064\004\101\004\102\004\060\004\062\004\073\004\065\004\075\004\070\004\117\000\040\000v\000i\000e\000w\000\137\000a\000r\000t\000i\000c\000l\000e\000s\000\040\000-\000\040\004\072\004\073\004\060\004\101\004\101\000\040\000V\000i\000e\000w\000A\000r\000t\000i\000c\000l\000e\000s}{section.3.2}% 21
\BOOKMARK [2][-]{subsection.3.2.3}{\376\377\004\034\004\076\004\064\004\065\004\073\004\114\000\040\004\077\004\100\004\065\004\064\004\101\004\102\004\060\004\062\004\073\004\065\004\075\004\070\004\117\000\040\000v\000i\000e\000w\000\137\000b\000o\000o\000k\000s\000\040\000-\000\040\004\072\004\073\004\060\004\101\004\101\000\040\000V\000i\000e\000w\000B\000o\000o\000k\000s}{section.3.2}% 22
\BOOKMARK [2][-]{subsection.3.2.4}{\376\377\004\034\004\076\004\064\004\065\004\073\004\114\000\040\004\077\004\100\004\065\004\064\004\101\004\102\004\060\004\062\004\073\004\065\004\075\004\070\004\117\000\040\000v\000i\000e\000w\000\137\000e\000n\000d\000\137\000r\000e\000a\000d\000\040\000-\000\040\004\072\004\073\004\060\004\101\004\101\000\040\000V\000i\000e\000w\000E\000n\000d\000R\000e\000a\000d}{section.3.2}% 23
\BOOKMARK [2][-]{subsection.3.2.5}{\376\377\004\034\004\076\004\064\004\065\004\073\004\114\000\040\004\077\004\100\004\065\004\064\004\101\004\102\004\060\004\062\004\073\004\065\004\075\004\070\004\117\000\040\000v\000i\000e\000w\000\137\000f\000a\000v\000o\000r\000i\000t\000e\000s\000\040\000-\000\040\004\072\004\073\004\060\004\101\004\101\000\040\000V\000i\000e\000w\000F\000a\000v\000o\000r\000i\000t\000e\000s}{section.3.2}% 24
\BOOKMARK [2][-]{subsection.3.2.6}{\376\377\004\034\004\076\004\064\004\065\004\073\004\114\000\040\004\077\004\100\004\065\004\064\004\101\004\102\004\060\004\062\004\073\004\065\004\075\004\070\004\117\000\040\000v\000i\000e\000w\000\137\000f\000i\000l\000t\000e\000r\000\040\000-\000\040\004\072\004\073\004\060\004\101\004\101\000\040\000V\000i\000e\000w\000F\000i\000l\000t\000e\000r}{section.3.2}% 25
\BOOKMARK [2][-]{subsection.3.2.7}{\376\377\004\034\004\076\004\064\004\065\004\073\004\114\000\040\004\077\004\100\004\065\004\064\004\101\004\102\004\060\004\062\004\073\004\065\004\075\004\070\004\117\000\040\000v\000i\000e\000w\000\137\000i\000n\000\137\000r\000e\000a\000d\000\040\000-\000\040\004\072\004\073\004\060\004\101\004\101\000\040\000V\000i\000e\000w\000I\000n\000R\000e\000a\000d}{section.3.2}% 26
\BOOKMARK [2][-]{subsection.3.2.8}{\376\377\004\034\004\076\004\064\004\065\004\073\004\114\000\040\004\077\004\100\004\065\004\064\004\101\004\102\004\060\004\062\004\073\004\065\004\075\004\070\004\117\000\040\000v\000i\000e\000w\000\137\000j\000o\000o\000r\000n\000a\000l\000s\000\040\000-\000\040\004\072\004\073\004\060\004\101\004\101\000\040\000V\000i\000e\000w\000J\000o\000o\000r\000n\000a\000l\000s}{section.3.2}% 27
\BOOKMARK [2][-]{subsection.3.2.9}{\376\377\004\034\004\076\004\064\004\065\004\073\004\114\000\040\004\077\004\100\004\065\004\064\004\101\004\102\004\060\004\062\004\073\004\065\004\075\004\070\004\117\000\040\000v\000i\000e\000w\000\137\000s\000e\000a\000r\000c\000h\000\040\000-\000\040\004\072\004\073\004\060\004\101\004\101\000\040\000V\000i\000e\000w\000S\000e\000a\000r\000c\000h}{section.3.2}% 28
\BOOKMARK [1][-]{section.3.3}{\376\377\004\032\004\073\004\060\004\101\004\101\000\040\000C\000r\000e\000a\000t\000e\000D\000a\000t\000a\000B\000a\000s\000e}{chapter.3}% 29
\BOOKMARK [1][-]{section.3.4}{\376\377\004\044\004\070\004\067\004\070\004\107\004\065\004\101\004\072\004\060\004\117\000\040\004\074\004\076\004\064\004\065\004\073\004\114\000\040\004\061\004\060\004\067\004\113\000\040\004\064\004\060\004\075\004\075\004\113\004\105}{chapter.3}% 30
\BOOKMARK [0][-]{chapter.4}{\376\377\004\032\004\075\004\070\004\066\004\075\004\060\004\117\000\040\004\061\004\070\004\061\004\073\004\070\004\076\004\102\004\065\004\072\004\060}{}% 31
\BOOKMARK [1][-]{section.4.1}{\376\377\004\032\004\076\004\074\004\077\004\076\004\075\004\065\004\075\004\102\004\113\000\040\004\077\004\100\004\070\004\073\004\076\004\066\004\065\004\075\004\070\004\117}{chapter.4}% 32
\BOOKMARK [2][-]{subsection.4.1.1}{\376\377\004\032\004\076\004\074\004\077\004\076\004\075\004\065\004\075\004\102\000\040\000a\000d\000d\000\137\000t\000o\000\137\000d\000a\000t\000a\000b\000a\000s\000e}{section.4.1}% 33
\BOOKMARK [2][-]{subsection.4.1.2}{\376\377\004\032\004\076\004\074\004\077\004\076\004\075\004\065\004\075\004\102\000\040\000a\000u\000t\000h}{section.4.1}% 34
\BOOKMARK [2][-]{subsection.4.1.3}{\376\377\004\032\004\076\004\074\004\077\004\076\004\075\004\065\004\075\004\102\000\040\000b\000o\000o\000k\000\137\000r\000e\000a\000d}{section.4.1}% 35
\BOOKMARK [2][-]{subsection.4.1.4}{\376\377\004\032\004\076\004\074\004\077\004\076\004\075\004\065\004\075\004\102\000\040\000c\000h\000a\000n\000g\000e\000\137\000b\000o\000o\000k\000\137\000i\000n\000f\000o\000r\000m\000a\000t\000i\000o\000n}{section.4.1}% 36
\BOOKMARK [2][-]{subsection.4.1.5}{\376\377\004\032\004\076\004\074\004\077\004\076\004\075\004\065\004\075\004\102\000\040\000c\000h\000a\000n\000g\000e\000\137\000s\000t\000a\000t\000e}{section.4.1}% 37
\BOOKMARK [2][-]{subsection.4.1.6}{\376\377\004\032\004\076\004\074\004\077\004\076\004\075\004\065\004\075\004\102\000\040\000f\000u\000n\000c\000t\000i\000o\000n}{section.4.1}% 38
\BOOKMARK [2][-]{subsection.4.1.7}{\376\377\004\032\004\076\004\074\004\077\004\076\004\075\004\065\004\075\004\102\000\040\000s\000e\000a\000r\000c\000h\000\137\000f\000i\000l\000t\000e\000r}{section.4.1}% 39
\BOOKMARK [2][-]{subsection.4.1.8}{\376\377\004\032\004\076\004\074\004\077\004\076\004\075\004\065\004\075\004\102\000\040\000s\000e\000l\000e\000c\000t\000\137\000b\000o\000o\000k\000s}{section.4.1}% 40
\BOOKMARK [2][-]{subsection.4.1.9}{\376\377\004\032\004\076\004\074\004\077\004\076\004\075\004\065\004\075\004\102\000\040\000s\000e\000l\000e\000c\000t\000\137\000b\000o\000o\000k\000s\000\137\000s\000t\000a\000t\000e}{section.4.1}% 41
\BOOKMARK [2][-]{subsection.4.1.10}{\376\377\004\032\004\076\004\074\004\077\004\076\004\075\004\065\004\075\004\102\000\040\000s\000t\000y\000l\000e}{section.4.1}% 42
\BOOKMARK [0][-]{chapter.5}{\376\377\000J\000a\000v\000a\000S\000c\000r\000i\000p\000t\000\040\004\072\004\076\004\064}{}% 43
\BOOKMARK [1][-]{section.5.1}{\376\377\000a\000d\000d\000\137\000f\000i\000l\000e\000.\000j\000s}{chapter.5}% 44
\BOOKMARK [1][-]{section.5.2}{\376\377\000c\000h\000a\000n\000g\000e\000\137\000f\000i\000l\000e\000.\000j\000s}{chapter.5}% 45
\BOOKMARK [1][-]{section.5.3}{\376\377\000c\000h\000a\000n\000g\000e\000\137\000s\000t\000a\000t\000e\000.\000j\000s}{chapter.5}% 46
\BOOKMARK [1][-]{section.5.4}{\376\377\000f\000i\000l\000t\000e\000r\000\137\000s\000c\000r\000i\000p\000t\000s\000.\000j\000s}{chapter.5}% 47
\BOOKMARK [1][-]{section.5.5}{\376\377\000m\000a\000i\000n\000\137\000s\000c\000r\000i\000p\000t\000s\000.\000j\000s}{chapter.5}% 48
\BOOKMARK [1][-]{section.5.6}{\376\377\000o\000p\000e\000n\000\137\000b\000o\000o\000k\000.\000j\000s}{chapter.5}% 49
\BOOKMARK [1][-]{section.5.7}{\376\377\000s\000h\000i\000f\000t\000\137\000s\000t\000y\000l\000e\000.\000j\000s}{chapter.5}% 50
\BOOKMARK [0][-]{chapter.6}{\376\377\000C\000S\000S\000\040\004\072\004\076\004\064}{}% 51
\BOOKMARK [1][-]{section.6.1}{\376\377\000a\000d\000d\000\137\000f\000i\000l\000e\000.\000c\000s\000s}{chapter.6}% 52
\BOOKMARK [1][-]{section.6.2}{\376\377\000b\000o\000o\000k\000\137\000c\000o\000n\000t\000a\000i\000n\000e\000r\000.\000c\000s\000s}{chapter.6}% 53
\BOOKMARK [1][-]{section.6.3}{\376\377\000c\000h\000a\000n\000g\000e\000\137\000f\000i\000l\000e\000.\000c\000s\000s}{chapter.6}% 54
\BOOKMARK [1][-]{section.6.4}{\376\377\000f\000i\000l\000t\000e\000r\000\137\000w\000i\000n\000d\000o\000w\000.\000c\000s\000s}{chapter.6}% 55
\BOOKMARK [1][-]{section.6.5}{\376\377\000m\000a\000i\000n\000\137\000b\000o\000o\000k\000.\000c\000s\000s}{chapter.6}% 56
\BOOKMARK [1][-]{section.6.6}{\376\377\000o\000p\000e\000n\000\137\000b\000o\000o\000k\000.\000c\000s\000s}{chapter.6}% 57
\BOOKMARK [1][-]{section.6.7}{\376\377\000u\000s\000e\000r\000\137\000m\000e\000n\000u\000.\000c\000s\000s}{chapter.6}% 58
\BOOKMARK [1][-]{section.6.8}{\376\377\000i\000n\000d\000e\000x\000\137\000b\000o\000o\000k\000.\000c\000s\000s}{chapter.6}% 59
\BOOKMARK [0][-]{chapter.7}{\376\377\004\041\004\102\004\070\004\073\004\070\000\040\004\077\004\100\004\070\004\073\004\076\004\066\004\065\004\075\004\070\004\117}{}% 60
\BOOKMARK [0][-]{section*.142}{\376\377\004\041\004\076\004\064\004\065\004\100\004\066\004\060\004\075\004\070\004\065\000\040\004\074\004\076\004\064\004\103\004\073\004\065\004\071\000\040\000P\000y\000t\000h\000o\000n}{}% 61
